Added Component: Designator=BA1(Transformers)
Added Component: Designator=BT1(SW4_SMD)
Add component (AddParameter): Name = "Value"; Value = "1N4007"; VariantName = "[No Variations]"
Added Component: Designator=BT2(SW4_SMD)
Add component (AddParameter): Name = "Value"; Value = "1N4007"; VariantName = "[No Variations]"
Added Component: Designator=BT3(SW4_SMD)
Add component (AddParameter): Name = "Value"; Value = "1N4007"; VariantName = "[No Variations]"
Added Component: Designator=C1(CA-ALU-2.54)
Add component (AddParameter): Name = "LatestRevisionDate"; Value = "17-Jul-2002"; VariantName = "[No Variations]"
Add component (AddParameter): Name = "LatestRevisionNote"; Value = "Re-released for DXP Platform."; VariantName = "[No Variations]"
Add component (AddParameter): Name = "PackageReference"; Value = "C1206"; VariantName = "[No Variations]"
Add component (AddParameter): Name = "Publisher"; Value = "Altium Limited"; VariantName = "[No Variations]"
Add component (AddParameter): Name = "Value"; Value = "104"; VariantName = "[No Variations]"
Added Component: Designator=C2(CA-ALU-2.54)
Add component (AddParameter): Name = "LatestRevisionDate"; Value = "17-Jul-2002"; VariantName = "[No Variations]"
Add component (AddParameter): Name = "LatestRevisionNote"; Value = "Re-released for DXP Platform."; VariantName = "[No Variations]"
Add component (AddParameter): Name = "PackageReference"; Value = "C1206"; VariantName = "[No Variations]"
Add component (AddParameter): Name = "Publisher"; Value = "Altium Limited"; VariantName = "[No Variations]"
Add component (AddParameter): Name = "Value"; Value = "104"; VariantName = "[No Variations]"
Added Component: Designator=C3(SM-Cap-1206)
Added Component: Designator=C4(SM-Cap-1206)
Added Component: Designator=C5(CA-ALU-2.54)
Add component (AddParameter): Name = "LatestRevisionDate"; Value = "17-Jul-2002"; VariantName = "[No Variations]"
Add component (AddParameter): Name = "LatestRevisionNote"; Value = "Re-released for DXP Platform."; VariantName = "[No Variations]"
Add component (AddParameter): Name = "PackageReference"; Value = "C1206"; VariantName = "[No Variations]"
Add component (AddParameter): Name = "Publisher"; Value = "Altium Limited"; VariantName = "[No Variations]"
Add component (AddParameter): Name = "Value"; Value = "104"; VariantName = "[No Variations]"
Added Component: Designator=C6(SM-Cap-1206)
Added Component: Designator=C7(SM-CAP-0805)
Added Component: Designator=C8(SM-Cap-1206)
Added Component: Designator=C9(CA-ALU-4)
Add component (AddParameter): Name = "LatestRevisionDate"; Value = "17-Jul-2002"; VariantName = "[No Variations]"
Add component (AddParameter): Name = "LatestRevisionNote"; Value = "Re-released for DXP Platform."; VariantName = "[No Variations]"
Add component (AddParameter): Name = "PackageReference"; Value = "C1206"; VariantName = "[No Variations]"
Add component (AddParameter): Name = "Publisher"; Value = "Altium Limited"; VariantName = "[No Variations]"
Add component (AddParameter): Name = "Value"; Value = "104"; VariantName = "[No Variations]"
Added Component: Designator=C10(SM-Cap-1206)
Added Component: Designator=C11(SM-CAP-0805)
Added Component: Designator=C12(SM-CAP-0805)
Added Component: Designator=C13(SM-CAP-0805)
Added Component: Designator=D1(SOD-123)
Added Component: Designator=D2(SOD-123)
Added Component: Designator=D3(SOD-123)
Added Component: Designator=D4(SOD-123)
Added Component: Designator=D5(SOD-123)
Added Component: Designator=D6(SOD-123)
Added Component: Designator=DB1(DB-MBS)
Added Component: Designator=JP1(COC-DONG)
Added Component: Designator=JP2(COC-DONG)
Added Component: Designator=JP3(COC-DONG)
Added Component: Designator=JP4(JP6 2.54 No3D)
Added Component: Designator=JP5(COC-DONG)
Added Component: Designator=JP6(COC-DONG)
Added Component: Designator=JP7(COC-DONG)
Added Component: Designator=LED1(LED-3)
Added Component: Designator=LED2(LED-3)
Added Component: Designator=LED3(LED-3)
Added Component: Designator=LED4(LED-3)
Added Component: Designator=LED5(LED-3)
Added Component: Designator=Q1(SOT23B)
Add component (AddParameter): Name = "Value"; Value = "C1815"; VariantName = "[No Variations]"
Added Component: Designator=Q2(SOT23B)
Add component (AddParameter): Name = "Value"; Value = "C1815"; VariantName = "[No Variations]"
Added Component: Designator=Q3(SOT23B)
Add component (AddParameter): Name = "Value"; Value = "C1815"; VariantName = "[No Variations]"
Added Component: Designator=R1(RES-SMD-1206)
Add component (AddParameter): Name = "Class"; Value = "Passive"; VariantName = "[No Variations]"
Add component (AddParameter): Name = "Manufacturer"; Value = "Generic Components"; VariantName = "[No Variations]"
Add component (AddParameter): Name = "Published"; Value = "08/06/2000"; VariantName = "[No Variations]"
Add component (AddParameter): Name = "Publisher"; Value = "Altium Hobart Technology Centre"; VariantName = "[No Variations]"
Added Component: Designator=R2(SM-RES-0805)
Added Component: Designator=R3(SM-RES-0805)
Added Component: Designator=R4(SM-RES-0805)
Added Component: Designator=R5(SM-RES-0805)
Added Component: Designator=R6(SM-RES-0805)
Added Component: Designator=R7(SM-RES-0805)
Added Component: Designator=R8(SM-RES-0805)
Added Component: Designator=R9(RES-SMD-1206)
Add component (AddParameter): Name = "Class"; Value = "Passive"; VariantName = "[No Variations]"
Add component (AddParameter): Name = "Manufacturer"; Value = "Generic Components"; VariantName = "[No Variations]"
Add component (AddParameter): Name = "Published"; Value = "08/06/2000"; VariantName = "[No Variations]"
Add component (AddParameter): Name = "Publisher"; Value = "Altium Hobart Technology Centre"; VariantName = "[No Variations]"
Added Component: Designator=R10(SM-RES-0805)
Added Component: Designator=R11(SM-RES-0805)
Added Component: Designator=R12(RES-SMD-1206)
Add component (AddParameter): Name = "Class"; Value = "Passive"; VariantName = "[No Variations]"
Add component (AddParameter): Name = "Manufacturer"; Value = "Generic Components"; VariantName = "[No Variations]"
Add component (AddParameter): Name = "Published"; Value = "08/06/2000"; VariantName = "[No Variations]"
Add component (AddParameter): Name = "Publisher"; Value = "Altium Hobart Technology Centre"; VariantName = "[No Variations]"
Added Component: Designator=R13(SM-RES-0805)
Added Component: Designator=R14(SM-RES-0805)
Added Component: Designator=R15(SM-RES-0805)
Added Component: Designator=R16(SM-RES-0805)
Added Component: Designator=R17(SM-RES-0805)
Added Component: Designator=R18(SM-RES-0805)
Added Component: Designator=R19(SM-RES-0805)
Added Component: Designator=R20(SM-RES-0805)
Added Component: Designator=R21(SM-RES-0805)
Added Component: Designator=RL1(RELAY TENGFEI TF-32F 4P)
Add component (AddParameter): Name = "ComponentLink1Description"; Value = "Relay TENGFEI"; VariantName = "[No Variations]"
Add component (AddParameter): Name = "ComponentLink1URL"; Value = "http://www.spike-components.com/Upload/down/RELAY.pdf"; VariantName = "[No Variations]"
Added Component: Designator=RL2(RELAY TENGFEI TF-32F 4P)
Add component (AddParameter): Name = "ComponentLink1Description"; Value = "Relay TENGFEI"; VariantName = "[No Variations]"
Add component (AddParameter): Name = "ComponentLink1URL"; Value = "http://www.spike-components.com/Upload/down/RELAY.pdf"; VariantName = "[No Variations]"
Added Component: Designator=RL3(RELAY TENGFEI TF-32F 4P)
Add component (AddParameter): Name = "ComponentLink1Description"; Value = "Relay TENGFEI"; VariantName = "[No Variations]"
Add component (AddParameter): Name = "ComponentLink1URL"; Value = "http://www.spike-components.com/Upload/down/RELAY.pdf"; VariantName = "[No Variations]"
Added Component: Designator=U1(SOT-223)
Add component (AddParameter): Name = "ComponentLink1Description"; Value = "Datasheet"; VariantName = "[No Variations]"
Add component (AddParameter): Name = "ComponentLink1URL"; Value = "http://www.ti.com/lit/ds/symlink/lm1117.pdf"; VariantName = "[No Variations]"
Added Component: Designator=U2(LTV-356T)
Added Component: Designator=U3(SOT23-AZ431)
Add component (AddParameter): Name = "Value"; Value = "1N4007"; VariantName = "[No Variations]"
Added Component: Designator=U4(SOP-8)
Add component (AddParameter): Name = "ComponentLink1Description"; Value = "Datasheet"; VariantName = "[No Variations]"
Add component (AddParameter): Name = "ComponentLink1URL"; Value = "https://www.electrodragon.com/w/images/2/2e/AP8012.pdf"; VariantName = "[No Variations]"
Added Component: Designator=U5(ESP12_type1)
Added Pin To Net: NetName=+5 Pin=C1-1
Added Pin To Net: NetName=+5 Pin=D1-2
Added Pin To Net: NetName=+5 Pin=R1-2
Added Pin To Net: NetName=+5 Pin=R2-1
Added Pin To Net: NetName=+5 Pin=R3-1
Added Pin To Net: NetName=+5 Pin=R4-1
Added Net: Name=+5
Added Pin To Net: NetName=btn1 Pin=BT3-2
Added Pin To Net: NetName=btn1 Pin=BT3-2
Added Pin To Net: NetName=btn1 Pin=C13-1
Added Pin To Net: NetName=btn1 Pin=JP4-6
Added Pin To Net: NetName=btn1 Pin=R15-2
Added Pin To Net: NetName=btn1 Pin=U5-18
Added Net: Name=btn1
Added Pin To Net: NetName=btn2 Pin=BT2-2
Added Pin To Net: NetName=btn2 Pin=BT2-2
Added Pin To Net: NetName=btn2 Pin=C12-1
Added Pin To Net: NetName=btn2 Pin=R14-2
Added Pin To Net: NetName=btn2 Pin=U5-19
Added Net: Name=btn2
Added Pin To Net: NetName=btn3 Pin=BT1-2
Added Pin To Net: NetName=btn3 Pin=BT1-2
Added Pin To Net: NetName=btn3 Pin=C11-1
Added Pin To Net: NetName=btn3 Pin=R13-2
Added Pin To Net: NetName=btn3 Pin=U5-20
Added Net: Name=btn3
Added Pin To Net: NetName=D15 Pin=R5-1
Added Pin To Net: NetName=D15 Pin=U5-16
Added Net: Name=D15
Added Pin To Net: NetName=EN Pin=C7-2
Added Pin To Net: NetName=EN Pin=R7-2
Added Pin To Net: NetName=EN Pin=U5-3
Added Net: Name=EN
Added Pin To Net: NetName=FB Pin=C10-2
Added Pin To Net: NetName=FB Pin=U2-3
Added Pin To Net: NetName=FB Pin=U4-3
Added Net: Name=FB
Added Pin To Net: NetName=GND Pin=BA1-6
Added Pin To Net: NetName=GND Pin=BT1-1
Added Pin To Net: NetName=GND Pin=BT1-1
Added Pin To Net: NetName=GND Pin=BT2-1
Added Pin To Net: NetName=GND Pin=BT2-1
Added Pin To Net: NetName=GND Pin=BT3-1
Added Pin To Net: NetName=GND Pin=BT3-1
Added Pin To Net: NetName=GND Pin=C1-2
Added Pin To Net: NetName=GND Pin=C2-2
Added Pin To Net: NetName=GND Pin=C3-1
Added Pin To Net: NetName=GND Pin=C4-1
Added Pin To Net: NetName=GND Pin=C7-1
Added Pin To Net: NetName=GND Pin=C11-2
Added Pin To Net: NetName=GND Pin=C12-2
Added Pin To Net: NetName=GND Pin=C13-2
Added Pin To Net: NetName=GND Pin=JP4-3
Added Pin To Net: NetName=GND Pin=LED2-2
Added Pin To Net: NetName=GND Pin=Q1-2
Added Pin To Net: NetName=GND Pin=Q2-2
Added Pin To Net: NetName=GND Pin=Q3-2
Added Pin To Net: NetName=GND Pin=R5-2
Added Pin To Net: NetName=GND Pin=R10-2
Added Pin To Net: NetName=GND Pin=U1-1
Added Pin To Net: NetName=GND Pin=U3-1
Added Pin To Net: NetName=GND Pin=U5-15
Added Net: Name=GND
Added Pin To Net: NetName=L_in Pin=JP3-1
Added Pin To Net: NetName=L_in Pin=R12-2
Added Pin To Net: NetName=L_in Pin=RL1-4
Added Pin To Net: NetName=L_in Pin=RL2-4
Added Pin To Net: NetName=L_in Pin=RL3-4
Added Net: Name=L_in
Added Pin To Net: NetName=led_stt Pin=LED1-2
Added Pin To Net: NetName=led_stt Pin=U5-4
Added Net: Name=led_stt
Added Pin To Net: NetName=MASS Pin=JP1-1
Added Net: Name=MASS
Added Pin To Net: NetName=N_in Pin=DB1-1
Added Pin To Net: NetName=N_in Pin=JP2-1
Added Net: Name=N_in
Added Pin To Net: NetName=NetBA1_1 Pin=BA1-1
Added Pin To Net: NetName=NetBA1_1 Pin=C9-2
Added Pin To Net: NetName=NetBA1_1 Pin=C10-1
Added Pin To Net: NetName=NetBA1_1 Pin=DB1-3
Added Pin To Net: NetName=NetBA1_1 Pin=R9-2
Added Pin To Net: NetName=NetBA1_1 Pin=U4-1
Added Pin To Net: NetName=NetBA1_1 Pin=U4-2
Added Net: Name=NetBA1_1
Added Pin To Net: NetName=NetBA1_2 Pin=BA1-2
Added Pin To Net: NetName=NetBA1_2 Pin=D2-1
Added Net: Name=NetBA1_2
Added Pin To Net: NetName=NetBA1_4 Pin=BA1-4
Added Pin To Net: NetName=NetBA1_4 Pin=C6-1
Added Pin To Net: NetName=NetBA1_4 Pin=C9-1
Added Pin To Net: NetName=NetBA1_4 Pin=DB1-4
Added Pin To Net: NetName=NetBA1_4 Pin=R11-2
Added Net: Name=NetBA1_4
Added Pin To Net: NetName=NetBA1_5 Pin=BA1-5
Added Pin To Net: NetName=NetBA1_5 Pin=D1-1
Added Net: Name=NetBA1_5
Added Pin To Net: NetName=NetC5_1 Pin=C5-1
Added Pin To Net: NetName=NetC5_1 Pin=D2-2
Added Pin To Net: NetName=NetC5_1 Pin=U2-4
Added Pin To Net: NetName=NetC5_1 Pin=U4-4
Added Net: Name=NetC5_1
Added Pin To Net: NetName=NetC5_2 Pin=C5-2
Added Pin To Net: NetName=NetC5_2 Pin=R9-1
Added Net: Name=NetC5_2
Added Pin To Net: NetName=NetC6_2 Pin=C6-2
Added Pin To Net: NetName=NetC6_2 Pin=D3-2
Added Pin To Net: NetName=NetC6_2 Pin=R11-1
Added Net: Name=NetC6_2
Added Pin To Net: NetName=NetC8_1 Pin=C8-1
Added Pin To Net: NetName=NetC8_1 Pin=U2-2
Added Pin To Net: NetName=NetC8_1 Pin=U3-2
Added Net: Name=NetC8_1
Added Pin To Net: NetName=NetC8_2 Pin=C8-2
Added Pin To Net: NetName=NetC8_2 Pin=R2-2
Added Pin To Net: NetName=NetC8_2 Pin=R10-1
Added Pin To Net: NetName=NetC8_2 Pin=U3-3
Added Net: Name=NetC8_2
Added Pin To Net: NetName=NetD4_1 Pin=D4-1
Added Pin To Net: NetName=NetD4_1 Pin=LED3-2
Added Pin To Net: NetName=NetD4_1 Pin=Q1-3
Added Pin To Net: NetName=NetD4_1 Pin=RL1-2
Added Net: Name=NetD4_1
Added Pin To Net: NetName=NetD5_1 Pin=D5-1
Added Pin To Net: NetName=NetD5_1 Pin=LED4-2
Added Pin To Net: NetName=NetD5_1 Pin=Q2-3
Added Pin To Net: NetName=NetD5_1 Pin=RL2-2
Added Net: Name=NetD5_1
Added Pin To Net: NetName=NetD6_1 Pin=D6-1
Added Pin To Net: NetName=NetD6_1 Pin=LED5-2
Added Pin To Net: NetName=NetD6_1 Pin=Q3-3
Added Pin To Net: NetName=NetD6_1 Pin=RL3-2
Added Net: Name=NetD6_1
Added Pin To Net: NetName=NetDB1_2 Pin=DB1-2
Added Pin To Net: NetName=NetDB1_2 Pin=R12-1
Added Net: Name=NetDB1_2
Added Pin To Net: NetName=NetJP5_1 Pin=JP5-1
Added Pin To Net: NetName=NetJP5_1 Pin=RL1-5
Added Net: Name=NetJP5_1
Added Pin To Net: NetName=NetJP6_1 Pin=JP6-1
Added Pin To Net: NetName=NetJP6_1 Pin=RL2-5
Added Net: Name=NetJP6_1
Added Pin To Net: NetName=NetJP7_1 Pin=JP7-1
Added Pin To Net: NetName=NetJP7_1 Pin=RL3-5
Added Net: Name=NetJP7_1
Added Pin To Net: NetName=NetLED1_1 Pin=LED1-1
Added Pin To Net: NetName=NetLED1_1 Pin=R8-2
Added Net: Name=NetLED1_1
Added Pin To Net: NetName=NetLED2_1 Pin=LED2-1
Added Pin To Net: NetName=NetLED2_1 Pin=R4-2
Added Net: Name=NetLED2_1
Added Pin To Net: NetName=NetLED3_1 Pin=LED3-1
Added Pin To Net: NetName=NetLED3_1 Pin=R16-2
Added Net: Name=NetLED3_1
Added Pin To Net: NetName=NetLED4_1 Pin=LED4-1
Added Pin To Net: NetName=NetLED4_1 Pin=R17-2
Added Net: Name=NetLED4_1
Added Pin To Net: NetName=NetLED5_1 Pin=LED5-1
Added Pin To Net: NetName=NetLED5_1 Pin=R18-2
Added Net: Name=NetLED5_1
Added Pin To Net: NetName=NetQ1_3 Pin=Q1-1
Added Pin To Net: NetName=NetQ1_3 Pin=R19-1
Added Net: Name=NetQ1_3
Added Pin To Net: NetName=NetQ2_3 Pin=Q2-1
Added Pin To Net: NetName=NetQ2_3 Pin=R20-1
Added Net: Name=NetQ2_3
Added Pin To Net: NetName=NetQ3_3 Pin=Q3-1
Added Pin To Net: NetName=NetQ3_3 Pin=R21-1
Added Net: Name=NetQ3_3
Added Pin To Net: NetName=NetR1_1 Pin=R1-1
Added Pin To Net: NetName=NetR1_1 Pin=U1-3
Added Net: Name=NetR1_1
Added Pin To Net: NetName=NetR3_2 Pin=R3-2
Added Pin To Net: NetName=NetR3_2 Pin=U2-1
Added Net: Name=NetR3_2
Added Pin To Net: NetName=relay1 Pin=R19-2
Added Pin To Net: NetName=relay1 Pin=R20-2
Added Pin To Net: NetName=relay1 Pin=R21-2
Added Pin To Net: NetName=relay1 Pin=U5-7
Added Net: Name=relay1
Added Pin To Net: NetName=relay2 Pin=U5-6
Added Net: Name=relay2
Added Pin To Net: NetName=relay3 Pin=U5-5
Added Net: Name=relay3
Added Pin To Net: NetName=RST Pin=JP4-5
Added Pin To Net: NetName=RST Pin=R6-2
Added Pin To Net: NetName=RST Pin=U5-1
Added Net: Name=RST
Added Pin To Net: NetName=RX Pin=JP4-2
Added Pin To Net: NetName=RX Pin=U5-21
Added Net: Name=RX
Added Pin To Net: NetName=SW Pin=BA1-3
Added Pin To Net: NetName=SW Pin=D3-1
Added Pin To Net: NetName=SW Pin=U4-5
Added Pin To Net: NetName=SW Pin=U4-6
Added Pin To Net: NetName=SW Pin=U4-7
Added Pin To Net: NetName=SW Pin=U4-8
Added Net: Name=SW
Added Pin To Net: NetName=TX Pin=JP4-1
Added Pin To Net: NetName=TX Pin=U5-22
Added Net: Name=TX
Added Pin To Net: NetName=VCC Pin=C2-1
Added Pin To Net: NetName=VCC Pin=C3-2
Added Pin To Net: NetName=VCC Pin=C4-2
Added Pin To Net: NetName=VCC Pin=D4-2
Added Pin To Net: NetName=VCC Pin=D5-2
Added Pin To Net: NetName=VCC Pin=D6-2
Added Pin To Net: NetName=VCC Pin=JP4-4
Added Pin To Net: NetName=VCC Pin=R6-1
Added Pin To Net: NetName=VCC Pin=R7-1
Added Pin To Net: NetName=VCC Pin=R8-1
Added Pin To Net: NetName=VCC Pin=R13-1
Added Pin To Net: NetName=VCC Pin=R14-1
Added Pin To Net: NetName=VCC Pin=R15-1
Added Pin To Net: NetName=VCC Pin=R16-1
Added Pin To Net: NetName=VCC Pin=R17-1
Added Pin To Net: NetName=VCC Pin=R18-1
Added Pin To Net: NetName=VCC Pin=RL1-1
Added Pin To Net: NetName=VCC Pin=RL2-1
Added Pin To Net: NetName=VCC Pin=RL3-1
Added Pin To Net: NetName=VCC Pin=U1-2
Added Pin To Net: NetName=VCC Pin=U1-4
Added Net: Name=VCC
Added Class: Name=Sheet1
Added Room: Name=Sheet1
